------------------------------------------------------------------------------------------------------------------------

[2020-11-15 19:38:42 #1 store] 
Database 'C:\Users\lekui\git\Bets2021\src\main\resources\bets.temp' is opened by 3376@DESKTOP-PE6TMVG

[2020-11-15 19:38:42 #2 type] 
Type domain.Question is not enhanced.

[2020-11-15 19:38:42 #3 type] 
Type domain.Event is not enhanced.

------------------------------------------------------------------------------------------------------------------------

[2020-11-15 20:30:45 #1 store] 
Database 'C:\Users\lekui\git\Bets2021\src\main\resources\bets.temp' is opened by 11764@DESKTOP-PE6TMVG

[2020-11-15 20:30:45 #2 type] 
Type domain.Question is not enhanced.

[2020-11-15 20:30:45 #3 type] 
Type domain.Event is not enhanced.

------------------------------------------------------------------------------------------------------------------------

[2020-11-15 20:57:16 #1 store] 
Database 'C:\Users\lekui\git\Bets2021\src\main\resources\bets.temp' is opened by 1120@DESKTOP-PE6TMVG

[2020-11-15 20:57:16 #2 type] 
Type domain.Question is not enhanced.

[2020-11-15 20:57:16 #3 type] 
Type domain.Event is not enhanced.

------------------------------------------------------------------------------------------------------------------------

[2020-11-15 21:15:08 #1 store] 
Database 'C:\Users\lekui\git\Bets2021\src\main\resources\bets.temp' is opened by 14760@DESKTOP-PE6TMVG

[2020-11-15 21:15:08 #2 type] 
Type domain.Question is not enhanced.

[2020-11-15 21:15:08 #3 type] 
Type domain.Event is not enhanced.

------------------------------------------------------------------------------------------------------------------------

[2020-11-15 21:16:40 #1 store] 
Database 'C:\Users\lekui\git\Bets2021\src\main\resources\bets.temp' is opened by 11640@DESKTOP-PE6TMVG

[2020-11-15 21:16:40 #2 type] 
Type domain.Question is not enhanced.

[2020-11-15 21:16:40 #3 type] 
Type domain.Event is not enhanced.

------------------------------------------------------------------------------------------------------------------------

[2020-11-15 21:19:19 #1 store] 
Database 'C:\Users\lekui\git\Bets2021\src\main\resources\bets.temp' is opened by 15300@DESKTOP-PE6TMVG

[2020-11-15 21:19:19 #2 type] 
Type domain.Question is not enhanced.

[2020-11-15 21:19:20 #3 type] 
Type domain.Event is not enhanced.

------------------------------------------------------------------------------------------------------------------------

[2020-11-15 21:21:19 #1 store] 
Database 'C:\Users\lekui\git\Bets2021\src\main\resources\bets.temp' is opened by 2272@DESKTOP-PE6TMVG

[2020-11-15 21:21:19 #2 type] 
Type domain.Question is not enhanced.

[2020-11-15 21:21:19 #3 type] 
Type domain.Event is not enhanced.

------------------------------------------------------------------------------------------------------------------------

[2020-11-15 21:24:04 #1 store] 
Database 'C:\Users\lekui\git\Bets2021\src\main\resources\bets.temp' is opened by 7868@DESKTOP-PE6TMVG

[2020-11-15 21:24:04 #2 type] 
Type domain.Question is not enhanced.

[2020-11-15 21:24:04 #3 type] 
Type domain.Event is not enhanced.

------------------------------------------------------------------------------------------------------------------------

[2020-11-15 21:29:14 #1 store] 
Database 'C:\Users\lekui\git\Bets2021\src\main\resources\bets.temp' is opened by 3456@DESKTOP-PE6TMVG

[2020-11-15 21:29:14 #2 type] 
Type domain.Question is not enhanced.

[2020-11-15 21:29:14 #3 type] 
Type domain.Event is not enhanced.

------------------------------------------------------------------------------------------------------------------------

[2020-11-15 21:30:08 #1 store] 
Database 'C:\Users\lekui\git\Bets2021\src\main\resources\bets.temp' is opened by 11808@DESKTOP-PE6TMVG

[2020-11-15 21:30:08 #2 type] 
Type domain.Question is not enhanced.

[2020-11-15 21:30:08 #3 type] 
Type domain.Event is not enhanced.

------------------------------------------------------------------------------------------------------------------------

[2020-11-15 21:31:13 #1 store] 
Database 'C:\Users\lekui\git\Bets2021\src\main\resources\bets.temp' is opened by 12520@DESKTOP-PE6TMVG

[2020-11-15 21:31:13 #2 type] 
Type domain.Question is not enhanced.

[2020-11-15 21:31:13 #3 type] 
Type domain.Event is not enhanced.

------------------------------------------------------------------------------------------------------------------------

[2020-11-15 21:32:15 #1 store] 
Database 'C:\Users\lekui\git\Bets2021\src\main\resources\bets.temp' is opened by 9136@DESKTOP-PE6TMVG

[2020-11-15 21:32:15 #2 type] 
Type domain.Question is not enhanced.

[2020-11-15 21:32:15 #3 type] 
Type domain.Event is not enhanced.

------------------------------------------------------------------------------------------------------------------------

[2020-11-15 21:40:41 #1 store] 
Database 'C:\Users\lekui\git\Bets2021\src\main\resources\bets.temp' is opened by 8500@DESKTOP-PE6TMVG

[2020-11-15 21:40:41 #2 type] 
Type domain.Question is not enhanced.

[2020-11-15 21:40:41 #3 type] 
Type domain.Event is not enhanced.

