------------------------------------------------------------------------------------------------------------------------

[2020-10-19 20:52:17 #1 store] 
Database 'C:\Users\lekui\git\Bets2021\src\main\resources\bets.temp' has been recovered (tr. 468-479)

[2020-10-19 20:52:18 #2 store] 
Database 'C:\Users\lekui\git\Bets2021\src\main\resources\bets.temp' is opened by 9020@DESKTOP-PE6TMVG

[2020-10-19 20:52:18 #3 type] 
Type domain.Question is not enhanced.

[2020-10-19 20:52:18 #4 type] 
Type domain.Event is not enhanced.

------------------------------------------------------------------------------------------------------------------------

[2020-10-19 20:54:34 #1 store] 
Database 'C:\Users\lekui\git\Bets2021\src\main\resources\bets.temp' has been recovered (tr. 480-485)

[2020-10-19 20:54:34 #2 store] 
Database 'C:\Users\lekui\git\Bets2021\src\main\resources\bets.temp' is opened by 11176@DESKTOP-PE6TMVG

[2020-10-19 20:54:34 #3 type] 
Type domain.Question is not enhanced.

[2020-10-19 20:54:34 #4 type] 
Type domain.Event is not enhanced.

------------------------------------------------------------------------------------------------------------------------

[2020-10-19 20:57:32 #1 store] 
Database 'C:\Users\lekui\git\Bets2021\src\main\resources\bets.temp' has been recovered (tr. 486-491)

[2020-10-19 20:57:32 #2 store] 
Database 'C:\Users\lekui\git\Bets2021\src\main\resources\bets.temp' is opened by 2108@DESKTOP-PE6TMVG

[2020-10-19 20:57:33 #3 type] 
Type domain.Question is not enhanced.

[2020-10-19 20:57:33 #4 type] 
Type domain.Event is not enhanced.

------------------------------------------------------------------------------------------------------------------------

[2020-10-19 20:59:24 #1 store] 
Database 'C:\Users\lekui\git\Bets2021\src\main\resources\bets.temp' has been recovered (tr. 492-497)

[2020-10-19 20:59:24 #2 store] 
Database 'C:\Users\lekui\git\Bets2021\src\main\resources\bets.temp' is opened by 3240@DESKTOP-PE6TMVG

[2020-10-19 20:59:24 #3 type] 
Type domain.Question is not enhanced.

[2020-10-19 20:59:24 #4 type] 
Type domain.Event is not enhanced.

------------------------------------------------------------------------------------------------------------------------

[2020-10-19 21:32:35 #1 store] 
Database 'C:\Users\lekui\git\Bets2021\src\main\resources\bets.temp' has been recovered (tr. 498-503)

[2020-10-19 21:32:36 #2 store] 
Database 'C:\Users\lekui\git\Bets2021\src\main\resources\bets.temp' is opened by 8520@DESKTOP-PE6TMVG

[2020-10-19 21:32:36 #3 type] 
Type domain.Question is not enhanced.

[2020-10-19 21:32:36 #4 type] 
Type domain.Event is not enhanced.

------------------------------------------------------------------------------------------------------------------------

[2020-10-19 21:32:52 #1 store] 
Database 'C:\Users\lekui\git\Bets2021\src\main\resources\bets.temp' has been recovered (tr. 504-509)

[2020-10-19 21:32:52 #2 store] 
Database 'C:\Users\lekui\git\Bets2021\src\main\resources\bets.temp' is opened by 4312@DESKTOP-PE6TMVG

[2020-10-19 21:32:52 #3 type] 
Type domain.Question is not enhanced.

[2020-10-19 21:32:52 #4 type] 
Type domain.Event is not enhanced.

------------------------------------------------------------------------------------------------------------------------

[2020-10-19 21:44:29 #1 store] 
Database 'C:\Users\lekui\git\Bets2021\src\main\resources\bets.temp' has been recovered (tr. 510-518)

[2020-10-19 21:44:29 #2 store] 
Database 'C:\Users\lekui\git\Bets2021\src\main\resources\bets.temp' is opened by 4664@DESKTOP-PE6TMVG

[2020-10-19 21:44:29 #3 type] 
Type domain.Question is not enhanced.

[2020-10-19 21:44:29 #4 type] 
Type domain.Event is not enhanced.

------------------------------------------------------------------------------------------------------------------------

[2020-10-19 21:46:19 #1 store] 
Database 'C:\Users\lekui\git\Bets2021\src\main\resources\bets.temp' has been recovered (tr. 519-527)

[2020-10-19 21:46:19 #2 store] 
Database 'C:\Users\lekui\git\Bets2021\src\main\resources\bets.temp' is opened by 13932@DESKTOP-PE6TMVG

[2020-10-19 21:46:19 #3 type] 
Type domain.Question is not enhanced.

[2020-10-19 21:46:19 #4 type] 
Type domain.Event is not enhanced.

------------------------------------------------------------------------------------------------------------------------

[2020-10-19 21:46:31 #1 store] 
Database 'C:\Users\lekui\git\Bets2021\src\main\resources\bets.temp' has been recovered (tr. 528-536)

[2020-10-19 21:46:31 #2 store] 
Database 'C:\Users\lekui\git\Bets2021\src\main\resources\bets.temp' is opened by 852@DESKTOP-PE6TMVG

[2020-10-19 21:46:31 #3 type] 
Type domain.Question is not enhanced.

[2020-10-19 21:46:31 #4 type] 
Type domain.Event is not enhanced.

------------------------------------------------------------------------------------------------------------------------

[2020-10-19 21:48:12 #1 store] 
Database 'C:\Users\lekui\git\Bets2021\src\main\resources\bets.temp' has been recovered (tr. 537-545)

[2020-10-19 21:48:12 #2 store] 
Database 'C:\Users\lekui\git\Bets2021\src\main\resources\bets.temp' is opened by 10264@DESKTOP-PE6TMVG

[2020-10-19 21:48:12 #3 type] 
Type domain.Question is not enhanced.

[2020-10-19 21:48:12 #4 type] 
Type domain.Event is not enhanced.

------------------------------------------------------------------------------------------------------------------------

[2020-10-19 21:48:51 #1 store] 
Database 'C:\Users\lekui\git\Bets2021\src\main\resources\bets.temp' has been recovered (tr. 546-554)

[2020-10-19 21:48:51 #2 store] 
Database 'C:\Users\lekui\git\Bets2021\src\main\resources\bets.temp' is opened by 10312@DESKTOP-PE6TMVG

[2020-10-19 21:48:51 #3 type] 
Type domain.Question is not enhanced.

[2020-10-19 21:48:51 #4 type] 
Type domain.Event is not enhanced.

------------------------------------------------------------------------------------------------------------------------

[2020-10-19 21:51:07 #1 store] 
Database 'C:\Users\lekui\git\Bets2021\src\main\resources\bets.temp' has been recovered (tr. 555-563)

[2020-10-19 21:51:07 #2 store] 
Database 'C:\Users\lekui\git\Bets2021\src\main\resources\bets.temp' is opened by 3700@DESKTOP-PE6TMVG

[2020-10-19 21:51:07 #3 type] 
Type domain.Question is not enhanced.

[2020-10-19 21:51:07 #4 type] 
Type domain.Event is not enhanced.

------------------------------------------------------------------------------------------------------------------------

[2020-10-19 21:52:02 #1 store] 
Database 'C:\Users\lekui\git\Bets2021\src\main\resources\bets.temp' has been recovered (tr. 564-572)

[2020-10-19 21:52:03 #2 store] 
Database 'C:\Users\lekui\git\Bets2021\src\main\resources\bets.temp' is opened by 3412@DESKTOP-PE6TMVG

[2020-10-19 21:52:03 #3 type] 
Type domain.Question is not enhanced.

[2020-10-19 21:52:03 #4 type] 
Type domain.Event is not enhanced.

